2021-02-06 10:31:53,557 - INFO - {'key2': '1', 'key3': 'localhost:9090', 'key1': '1'}
2021-02-06 10:31:58,562 - INFO - {'key2': '1', 'key3': 'localhost:9090', 'key1': '1'}
2021-02-06 10:32:03,565 - INFO - {'key2': '1', 'key3': 'localhost:9090', 'key1': '1'}
2021-02-06 10:32:08,570 - INFO - {'key2': '1', 'key3': 'localhost:9090', 'key1': '1'}
2021-02-06 10:32:13,573 - INFO - {'key2': '1', 'key3': 'localhost:9090', 'key1': '1'}
2021-02-06 10:32:18,577 - INFO - {'key2': '1', 'key3': 'localhost:9090', 'key1': '1'}
2021-02-06 10:32:23,581 - INFO - {'key2': '1', 'key3': 'localhost:9090', 'key1': '1'}
2021-02-06 10:32:28,585 - INFO - {'key2': '1', 'key3': 'localhost:9090', 'key1': '1'}
2021-02-06 10:32:33,590 - INFO - {'key2': '1', 'key3': 'localhost:9090', 'key1': '1'}
2021-02-06 10:32:38,593 - INFO - {'key2': '1', 'key3': 'localhost:9090', 'key1': '1'}
2021-02-06 10:32:43,597 - INFO - {'key2': '1', 'key3': 'localhost:9090', 'key1': '1'}
2021-02-06 10:32:48,601 - INFO - {'key2': '1', 'key3': 'localhost:9090', 'key1': '1'}
2021-02-06 10:32:53,605 - INFO - {'key2': '1', 'key3': 'localhost:9090', 'key1': '1'}
2021-02-06 10:32:58,611 - INFO - {'key2': '1', 'key3': 'localhost:9090', 'key1': '1'}
2021-02-06 10:33:03,613 - INFO - {'key2': '1', 'key3': 'localhost:9090', 'key1': '1'}
2021-02-06 10:33:08,617 - INFO - {'key2': '1', 'key3': 'localhost:9090', 'key1': '1'}
2021-02-06 10:33:13,621 - INFO - {'key2': '1', 'key3': 'localhost:9090', 'key1': '1'}
2021-02-06 10:33:18,625 - INFO - {'key2': '1', 'key3': 'localhost:9090', 'key1': '1'}
2021-02-06 10:33:23,629 - INFO - {'key2': '1', 'key3': 'localhost:9090', 'key1': '1'}
2021-02-06 10:33:28,633 - INFO - {'key2': '1', 'key3': 'localhost:9090', 'key1': '1'}
2021-02-06 10:33:33,637 - INFO - {'key2': '1', 'key3': 'localhost:9090', 'key1': '1'}
2021-02-06 10:33:38,641 - INFO - {'key2': '1', 'key3': 'localhost:9090', 'key1': '1'}
2021-02-06 10:33:43,646 - INFO - {'key2': '1', 'key3': 'localhost:9090', 'key1': '1'}
2021-02-06 10:33:48,650 - INFO - {'key2': '1', 'key3': 'localhost:9090', 'key1': '1'}
2021-02-06 10:33:53,653 - INFO - {'key2': '1', 'key3': 'localhost:9090', 'key1': '1'}
2021-02-06 10:33:58,657 - INFO - {'key2': '1', 'key3': 'localhost:9090', 'key1': '1'}
2021-02-06 10:34:03,661 - INFO - {'key2': '1', 'key3': 'localhost:9090', 'key1': '1'}
2021-02-06 10:34:08,665 - INFO - {'key2': '1', 'key3': 'localhost:9090', 'key1': '1'}
2021-02-06 10:34:13,669 - INFO - {'key2': '1', 'key3': 'localhost:9090', 'key1': '1'}
2021-02-06 10:34:18,673 - INFO - {'key2': '1', 'key3': 'localhost:9090', 'key1': '1'}
2021-02-06 10:34:23,677 - INFO - {'key2': '1', 'key3': 'localhost:9090', 'key1': '1'}
2021-02-06 10:34:28,681 - INFO - {'key2': '1', 'key3': 'localhost:9090', 'key1': '1'}
2021-02-06 10:34:33,685 - INFO - {'key2': '1', 'key3': 'localhost:9090', 'key1': '1'}
2021-02-06 10:34:38,689 - INFO - {'key2': '1', 'key3': 'localhost:9090', 'key1': '1'}
2021-02-06 10:34:43,693 - INFO - {'key2': '1', 'key3': 'localhost:9090', 'key1': '1'}
2021-02-06 10:34:48,697 - INFO - {'key2': '1', 'key3': 'localhost:9090', 'key1': '1'}
2021-02-06 10:34:53,701 - INFO - {'key2': '1', 'key3': 'localhost:9090', 'key1': '1'}
2021-02-06 10:34:58,706 - INFO - {'key2': '1', 'key3': 'localhost:9090', 'key1': '1'}
2021-02-06 10:35:03,709 - INFO - {'key2': '1', 'key3': 'localhost:9090', 'key1': '1'}
2021-02-06 10:35:08,713 - INFO - {'key2': '1', 'key3': 'localhost:9090', 'key1': '1'}
2021-02-06 10:35:13,717 - INFO - {'key2': '1', 'key3': 'localhost:9090', 'key1': '1'}
2021-02-06 10:35:18,721 - INFO - {'key2': '1', 'key3': 'localhost:9090', 'key1': '1'}
2021-02-06 10:35:23,726 - INFO - {'key2': '1', 'key3': 'localhost:9090', 'key1': '1'}
2021-02-06 10:35:28,730 - INFO - {'key2': '1', 'key3': 'localhost:9090', 'key1': '1'}
2021-02-06 10:35:33,733 - INFO - {'key2': '1', 'key3': 'localhost:9090', 'key1': '1'}
2021-02-06 10:35:38,737 - INFO - {'key2': '1', 'key3': 'localhost:9090', 'key1': '1'}
2021-02-06 10:35:43,741 - INFO - {'key2': '1', 'key3': 'localhost:9090', 'key1': '1'}
2021-02-06 10:35:48,745 - INFO - {'key2': '1', 'key3': 'localhost:9090', 'key1': '1'}
2021-02-06 10:35:53,749 - INFO - {'key2': '1', 'key3': 'localhost:9090', 'key1': '1'}
2021-02-06 10:35:58,753 - INFO - {'key2': '1', 'key3': 'localhost:9090', 'key1': '1'}
2021-02-06 10:36:03,758 - INFO - {'key2': '1', 'key3': 'localhost:9090', 'key1': '1'}
2021-02-06 10:36:08,761 - INFO - {'key2': '1', 'key3': 'localhost:9090', 'key1': '1'}
2021-02-06 10:36:13,765 - INFO - {'key2': '1', 'key3': 'localhost:9090', 'key1': '1'}
2021-02-06 10:36:18,770 - INFO - {'key2': '1', 'key3': 'localhost:9090', 'key1': '1'}
2021-02-06 10:36:23,773 - INFO - {'key2': '1', 'key3': 'localhost:9090', 'key1': '1'}
2021-02-06 10:36:28,777 - INFO - {'key2': '1', 'key3': 'localhost:9090', 'key1': '1'}
2021-02-06 10:36:33,781 - INFO - {'key2': '1', 'key3': 'localhost:9090', 'key1': '1'}
2021-02-06 10:36:38,785 - INFO - {'key2': '1', 'key3': 'localhost:9090', 'key1': '1'}
2021-02-06 10:36:43,790 - INFO - {'key2': '1', 'key3': 'localhost:9090', 'key1': '1'}
2021-02-06 10:36:48,793 - INFO - {'key2': '1', 'key3': 'localhost:9090', 'key1': '1'}
2021-02-06 10:36:53,797 - INFO - {'key2': '1', 'key3': 'localhost:9090', 'key1': '1'}
2021-02-06 10:36:58,801 - INFO - {'key2': '1', 'key3': 'localhost:9090', 'key1': '1'}
2021-02-06 10:37:03,805 - INFO - {'key2': '1', 'key3': 'localhost:9090', 'key1': '1'}
2021-02-06 10:37:08,810 - INFO - {'key2': '1', 'key3': 'localhost:9090', 'key1': '1'}
2021-02-06 10:37:13,816 - INFO - {'key2': '1', 'key3': 'localhost:9090', 'key1': '1'}
2021-02-06 10:37:18,818 - INFO - {'key2': '1', 'key3': 'localhost:9090', 'key1': '1'}
2021-02-06 10:37:23,821 - INFO - {'key2': '1', 'key3': 'localhost:9090', 'key1': '1'}
2021-02-06 10:37:28,826 - INFO - {'key2': '1', 'key3': 'localhost:9090', 'key1': '1'}
2021-02-06 10:37:33,830 - INFO - {'key2': '1', 'key3': 'localhost:9090', 'key1': '1'}
2021-02-06 10:37:38,833 - INFO - {'key2': '1', 'key3': 'localhost:9090', 'key1': '1'}
2021-02-06 10:37:43,837 - INFO - {'key2': '1', 'key3': 'localhost:9090', 'key1': '1'}
2021-02-06 10:37:48,841 - INFO - {'key2': '1', 'key3': 'localhost:9090', 'key1': '1'}
2021-02-06 10:37:53,845 - INFO - {'key2': '1', 'key3': 'localhost:9090', 'key1': '1'}
2021-02-06 10:37:58,850 - INFO - {'key2': '1', 'key3': 'localhost:9090', 'key1': '1'}
2021-02-06 10:38:03,853 - INFO - {'key2': '1', 'key3': 'localhost:9090', 'key1': '1'}
2021-02-06 10:38:08,857 - INFO - {'key2': '1', 'key3': 'localhost:9090', 'key1': '1'}
2021-02-06 10:38:13,861 - INFO - {'key2': '1', 'key3': 'localhost:9090', 'key1': '1'}
2021-02-06 10:38:18,866 - INFO - {'key2': '1', 'key3': 'localhost:9090', 'key1': '1'}
2021-02-06 10:38:23,870 - INFO - {'key2': '1', 'key3': 'localhost:9090', 'key1': '1'}
2021-02-06 10:38:28,873 - INFO - {'key2': '1', 'key3': 'localhost:9090', 'key1': '1'}
2021-02-06 10:38:33,877 - INFO - {'key2': '1', 'key3': 'localhost:9090', 'key1': '1'}
2021-02-06 10:38:38,881 - INFO - {'key2': '1', 'key3': 'localhost:9090', 'key1': '1'}
2021-02-06 10:38:43,886 - INFO - {'key2': '1', 'key3': 'localhost:9090', 'key1': '1'}
2021-02-06 10:38:48,891 - INFO - {'key2': '1', 'key3': 'localhost:9090', 'key1': '1'}
2021-02-06 10:38:53,893 - INFO - {'key2': '1', 'key3': 'localhost:9090', 'key1': '1'}
2021-02-06 10:38:58,898 - INFO - {'key2': '1', 'key3': 'localhost:9090', 'key1': '1'}
2021-02-06 10:39:03,901 - INFO - {'key2': '1', 'key3': 'localhost:9090', 'key1': '1'}
2021-02-06 10:39:08,905 - INFO - {'key2': '1', 'key3': 'localhost:9090', 'key1': '1'}
2021-02-06 10:39:13,909 - INFO - {'key2': '1', 'key3': 'localhost:9090', 'key1': '1'}
2021-02-06 10:39:18,913 - INFO - {'key2': '1', 'key3': 'localhost:9090', 'key1': '1'}
2021-02-06 10:39:23,917 - INFO - {'key2': '1', 'key3': 'localhost:9090', 'key1': '1'}
2021-02-06 10:39:28,922 - INFO - {'key2': '1', 'key3': 'localhost:9090', 'key1': '1'}
2021-02-06 10:39:33,926 - INFO - {'key2': '1', 'key3': 'localhost:9090', 'key1': '1'}
2021-02-06 10:39:38,930 - INFO - {'key2': '1', 'key3': 'localhost:9090', 'key1': '1'}
2021-02-06 10:39:43,933 - INFO - {'key2': '1', 'key3': 'localhost:9090', 'key1': '1'}
2021-02-06 10:39:48,937 - INFO - {'key2': '1', 'key3': 'localhost:9090', 'key1': '1'}
2021-02-06 10:39:53,942 - INFO - {'key2': '1', 'key3': 'localhost:9090', 'key1': '1'}
2021-02-06 10:39:58,945 - INFO - {'key2': '1', 'key3': 'localhost:9090', 'key1': '1'}
2021-02-06 10:40:03,949 - INFO - {'key2': '1', 'key3': 'localhost:9090', 'key1': '1'}
2021-02-06 10:40:08,953 - INFO - {'key2': '1', 'key3': 'localhost:9090', 'key1': '1'}
2021-02-06 10:40:13,957 - INFO - {'key2': '1', 'key3': 'localhost:9090', 'key1': '1'}
2021-02-06 10:40:18,961 - INFO - {'key2': '1', 'key3': 'localhost:9090', 'key1': '1'}
2021-02-06 10:40:23,965 - INFO - {'key2': '1', 'key3': 'localhost:9090', 'key1': '1'}
2021-02-06 10:40:28,969 - INFO - {'key2': '1', 'key3': 'localhost:9090', 'key1': '1'}
2021-02-06 10:40:33,973 - INFO - {'key2': '1', 'key3': 'localhost:9090', 'key1': '1'}
2021-02-06 10:40:38,977 - INFO - {'key2': '1', 'key3': 'localhost:9090', 'key1': '1'}
2021-02-06 10:40:43,981 - INFO - {'key2': '1', 'key3': 'localhost:9090', 'key1': '1'}
2021-02-06 10:40:48,985 - INFO - {'key2': '1', 'key3': 'localhost:9090', 'key1': '1'}
2021-02-06 10:40:53,990 - INFO - {'key2': '1', 'key3': 'localhost:9090', 'key1': '1'}
2021-02-06 10:40:58,993 - INFO - {'key2': '1', 'key3': 'localhost:9090', 'key1': '1'}
2021-02-06 10:41:03,998 - INFO - {'key2': '1', 'key3': 'localhost:9090', 'key1': '1'}
2021-02-06 10:41:09,003 - INFO - {'key2': '1', 'key3': 'localhost:9090', 'key1': '1'}
2021-02-06 10:41:14,007 - INFO - {'key2': '1', 'key3': 'localhost:9090', 'key1': '1'}
2021-02-06 10:41:19,011 - INFO - {'key2': '1', 'key3': 'localhost:9090', 'key1': '1'}
2021-02-06 10:41:24,013 - INFO - {'key2': '1', 'key3': 'localhost:9090', 'key1': '1'}
2021-02-06 10:41:29,017 - INFO - {'key2': '1', 'key3': 'localhost:9090', 'key1': '1'}
2021-02-06 10:41:34,023 - INFO - {'key2': '1', 'key3': 'localhost:9090', 'key1': '1'}
2021-02-06 10:41:39,025 - INFO - {'key2': '1', 'key3': 'localhost:9090', 'key1': '1'}
2021-02-06 11:47:02,871 - INFO - {'key2': '1', 'key1': '1.19', 'key3': 'localhost:9090'}
2021-02-06 11:47:07,885 - INFO - {'key2': '1', 'key1': '1.19', 'key3': 'localhost:9090'}
2021-02-06 11:47:12,889 - INFO - {'key2': '1', 'key1': '1.19', 'key3': 'localhost:9090'}
2021-02-06 11:47:17,894 - INFO - {'key2': '1', 'key1': '1.19', 'key3': 'localhost:9090'}
2021-02-06 11:47:22,895 - INFO - {'key2': '1', 'key1': '1.19', 'key3': 'localhost:9090'}
2021-02-06 11:47:27,900 - INFO - {'key2': '1', 'key1': '1.19', 'key3': 'localhost:9090'}
2021-02-06 11:47:32,903 - INFO - {'key2': '1', 'key1': '1.19', 'key3': 'localhost:9090'}
2021-02-06 11:47:37,905 - INFO - {'key2': '1', 'key1': '1.19', 'key3': 'localhost:9090'}
2021-02-06 11:47:42,910 - INFO - {'key2': '1', 'key1': '1.19', 'key3': 'localhost:9090'}
2021-02-06 11:47:47,911 - INFO - {'key2': '1', 'key1': '1.19', 'key3': 'localhost:9090'}
2021-02-06 11:47:52,914 - INFO - {'key2': '1', 'key1': '1.19', 'key3': 'localhost:9090'}
2021-02-06 11:47:57,920 - INFO - {'key2': '1', 'key1': '1.19', 'key3': 'localhost:9090'}
2021-02-06 11:48:02,925 - INFO - {'key2': '1', 'key1': '1.19', 'key3': 'localhost:9090'}
2021-02-06 11:48:07,930 - INFO - {'key2': '1', 'key1': '1.19', 'key3': 'localhost:9090'}
2021-02-06 11:48:12,935 - INFO - {'key2': '1', 'key1': '1.19', 'key3': 'localhost:9090'}
2021-02-06 11:57:27,013 - INFO - {'key1': '1.19', 'key2': '1', 'key3': 'localhost:9090'}
2021-02-06 11:57:32,018 - INFO - {'key1': '1.19', 'key2': '1', 'key3': 'localhost:9090'}
2021-02-06 11:57:37,020 - INFO - {'key1': '1.19', 'key2': '1', 'key3': 'localhost:9090'}
2021-02-06 11:57:42,025 - INFO - {'key1': '1.19', 'key2': '1', 'key3': 'localhost:9090'}
2021-02-06 11:57:47,029 - INFO - {'key1': '1.19', 'key2': '1', 'key3': 'localhost:9090'}
2021-02-06 11:57:52,030 - INFO - {'key1': '1.19', 'key2': '1', 'key3': 'localhost:9090'}
2021-02-06 11:57:57,036 - INFO - {'key1': '1.19', 'key2': '1', 'key3': 'localhost:9090'}
2021-02-06 11:58:02,040 - INFO - {'key1': '1.19', 'key2': '1', 'key3': 'localhost:9090'}
2021-02-06 11:58:07,046 - INFO - {'key1': '1.19', 'key2': '1', 'key3': 'localhost:9090'}
2021-02-06 11:58:12,050 - INFO - {'key1': '1.19', 'key2': '1', 'key3': 'localhost:9090'}
2021-02-06 11:58:17,055 - INFO - {'key1': '1.19', 'key2': '1', 'key3': 'localhost:9090'}
2021-02-06 11:58:22,060 - INFO - {'key1': '1.19', 'key2': '1', 'key3': 'localhost:9090'}
2021-02-06 11:58:27,062 - INFO - {'key1': '1.19', 'key2': '1', 'key3': 'localhost:9090'}
2021-02-06 11:58:32,067 - INFO - {'key1': '1.19', 'key2': '1', 'key3': 'localhost:9090'}
2021-02-06 11:58:37,072 - INFO - {'key1': '1.19', 'key2': '1', 'key3': 'localhost:9090'}
2021-02-06 11:58:42,077 - INFO - {'key1': '1.19', 'key2': '1', 'key3': 'localhost:9090'}
2021-02-06 11:58:47,083 - INFO - {'key1': '1.19', 'key2': '1', 'key3': 'localhost:9090'}
2021-02-06 11:58:52,087 - INFO - {'key1': '1.19', 'key2': '1', 'key3': 'localhost:9090'}
2021-02-06 11:58:57,089 - INFO - {'key1': '1.19', 'key2': '1', 'key3': 'localhost:9090'}
2021-02-06 11:59:02,090 - INFO - {'key1': '1.19', 'key2': '1', 'key3': 'localhost:9090'}
2021-02-06 11:59:07,094 - INFO - {'key1': '1.19', 'key2': '1', 'key3': 'localhost:9090'}
2021-02-06 12:00:15,694 - INFO - {'key3': 'localhost:9090', 'key1': '1.19', 'key2': '1'}
2021-02-06 12:00:20,699 - INFO - {'key3': 'localhost:9090', 'key1': '1.19', 'key2': '1'}
2021-02-06 12:00:25,705 - INFO - {'key3': 'localhost:9090', 'key1': '1.19', 'key2': '1'}
2021-02-06 12:00:30,710 - INFO - {'key3': 'localhost:9090', 'key1': '1.19', 'key2': '1'}
2021-02-06 12:00:35,710 - INFO - {'key3': 'localhost:9090', 'key1': '1.19', 'key2': '1'}
2021-02-06 12:00:40,715 - INFO - {'key3': 'localhost:9090', 'key1': '1.19', 'key2': '1'}
2021-02-06 12:00:45,719 - INFO - {'key3': 'localhost:9090', 'key1': '1.19', 'key2': '1'}
2021-02-06 12:07:20,380 - INFO - {'key1': '1.19', 'key2': '1', 'key3': 'localhost:9090'}
2021-02-06 12:07:25,385 - INFO - {'key1': '1.19', 'key2': '1', 'key3': 'localhost:9090'}
2021-02-06 12:07:30,390 - INFO - {'key1': '1.19', 'key2': '1', 'key3': 'localhost:9090'}
2021-02-06 12:07:35,390 - INFO - {'key1': '1.19', 'key2': '1', 'key3': 'localhost:9090'}
2021-02-06 12:07:40,395 - INFO - {'key1': '1.19', 'key2': '1', 'key3': 'localhost:9090'}
2021-02-06 12:07:45,400 - INFO - {'key1': '1.19', 'key2': '1', 'key3': 'localhost:9090'}
2021-02-06 12:07:50,404 - INFO - {'key1': '1.19', 'key2': '1', 'key3': 'localhost:9090'}
2021-02-06 12:07:55,410 - INFO - {'key1': '1.19', 'key2': '1', 'key3': 'localhost:9090'}
2021-02-06 12:08:00,412 - INFO - {'key1': '1.19', 'key2': '1', 'key3': 'localhost:9090'}
2021-02-06 12:08:05,415 - INFO - {'key1': '1.19', 'key2': '1', 'key3': 'localhost:9090'}
2021-02-06 12:08:10,420 - INFO - {'key1': '1.19', 'key2': '1', 'key3': 'localhost:9090'}
2021-02-06 12:08:15,422 - INFO - {'key1': '1.19', 'key2': '1', 'key3': 'localhost:9090'}
2021-02-06 12:08:20,427 - INFO - {'key1': '1.19', 'key2': '1', 'key3': 'localhost:9090'}
2021-02-06 12:08:25,430 - INFO - {'key1': '1.19', 'key2': '1', 'key3': 'localhost:9090'}
2021-02-06 12:08:30,434 - INFO - {'key1': '1.19', 'key2': '1', 'key3': 'localhost:9090'}
2021-02-06 12:08:35,440 - INFO - {'key1': '1.19', 'key2': '1', 'key3': 'localhost:9090'}
2021-02-06 12:08:40,445 - INFO - {'key1': '1.19', 'key2': '1', 'key3': 'localhost:9090'}
2021-02-06 12:08:45,450 - INFO - {'key1': '1.19', 'key2': '1', 'key3': 'localhost:9090'}
2021-02-06 12:08:50,455 - INFO - {'key1': '1.19', 'key2': '1', 'key3': 'localhost:9090'}
2021-02-06 12:08:55,460 - INFO - {'key1': '1.19', 'key2': '1', 'key3': 'localhost:9090'}
2021-02-06 12:09:00,465 - INFO - {'key1': '1.19', 'key2': '1', 'key3': 'localhost:9090'}
2021-02-06 12:09:05,470 - INFO - {'key1': '1.19', 'key2': '1', 'key3': 'localhost:9090'}
2021-02-06 12:09:10,471 - INFO - {'key1': '1.19', 'key2': '1', 'key3': 'localhost:9090'}
2021-02-06 12:09:15,477 - INFO - {'key1': '1.19', 'key2': '1', 'key3': 'localhost:9090'}
2021-02-06 12:09:20,480 - INFO - {'key1': '1.19', 'key2': '1', 'key3': 'localhost:9090'}
2021-02-06 12:09:25,483 - INFO - {'key1': '1.19', 'key2': '1', 'key3': 'localhost:9090'}
2021-02-06 12:09:30,488 - INFO - {'key1': '1.19', 'key2': '1', 'key3': 'localhost:9090'}
2021-02-06 12:09:35,490 - INFO - {'key1': '1.19', 'key2': '1', 'key3': 'localhost:9090'}
2021-02-06 12:09:36,329 - INFO - {'key3': 'localhost:9090', 'key2': '1', 'key1': '1.19'}
2021-02-06 12:09:40,496 - INFO - {'key1': '1.19', 'key2': '1', 'key3': 'localhost:9090'}
2021-02-06 12:09:41,333 - INFO - {'key3': 'localhost:9090', 'key2': '1', 'key1': '1.19'}
2021-02-06 12:09:45,501 - INFO - {'key1': '1.19', 'key2': '1', 'key3': 'localhost:9090'}
2021-02-06 12:09:46,339 - INFO - {'key3': 'localhost:9090', 'key2': '1', 'key1': '1.19'}
2021-02-06 12:09:50,505 - INFO - {'key1': '1.19', 'key2': '1', 'key3': 'localhost:9090'}
2021-02-06 12:09:51,344 - INFO - {'key3': 'localhost:9090', 'key2': '1', 'key1': '1.19'}
2021-02-06 12:09:55,510 - INFO - {'key1': '1.19', 'key2': '1', 'key3': 'localhost:9090'}
2021-02-06 12:09:56,347 - INFO - {'key3': 'localhost:9090', 'key2': '1', 'key1': '1.19'}
2021-02-06 12:10:00,510 - INFO - {'key1': '1.19', 'key2': '1', 'key3': 'localhost:9090'}
2021-02-06 12:10:01,350 - INFO - {'key3': 'localhost:9090', 'key2': '1', 'key1': '1.19'}
2021-02-06 12:10:06,356 - INFO - {'key3': 'localhost:9090', 'key2': '1', 'key1': '1.19'}
2021-02-06 12:10:11,361 - INFO - {'key3': 'localhost:9090', 'key2': '1', 'key1': '1.19'}
2021-02-06 12:10:16,366 - INFO - {'key3': 'localhost:9090', 'key2': '1', 'key1': '1.19'}
2021-02-06 12:10:21,372 - INFO - {'key3': 'localhost:9090', 'key2': '1', 'key1': '1.19'}
2021-02-06 12:10:26,377 - INFO - {'key3': 'localhost:9090', 'key2': '1', 'key1': '1.19'}
2021-02-06 12:10:31,382 - INFO - {'key3': 'localhost:9090', 'key2': '1', 'key1': '1.19'}
2021-02-06 12:11:27,832 - INFO - {'key1': '1.19', 'key2': '1', 'key3': 'localhost:9090'}
2021-02-06 12:11:32,837 - INFO - {'key1': '1.19', 'key2': '1', 'key3': 'localhost:9090'}
2021-02-06 12:11:37,840 - INFO - {'key1': '1.19', 'key2': '1', 'key3': 'localhost:9090'}
2021-02-06 12:11:42,843 - INFO - {'key1': '1.19', 'key2': '1', 'key3': 'localhost:9090'}
2021-02-06 12:11:47,848 - INFO - {'key1': '1.19', 'key2': '1', 'key3': 'localhost:9090'}
2021-02-06 12:11:52,851 - INFO - {'key1': '1.19', 'key2': '1', 'key3': 'localhost:9090'}
2021-02-06 12:11:57,855 - INFO - {'key1': '1.19', 'key2': '1', 'key3': 'localhost:9090'}
2021-02-06 12:12:02,861 - INFO - {'key1': '1.19', 'key2': '1', 'key3': 'localhost:9090'}
2021-02-06 12:12:07,864 - INFO - {'key1': '1.19', 'key2': '1', 'key3': 'localhost:9090'}
2021-02-06 12:12:12,870 - INFO - {'key1': '1.19', 'key2': '1', 'key3': 'localhost:9090'}
2021-02-06 12:12:17,874 - INFO - {'key1': '1.19', 'key2': '1', 'key3': 'localhost:9090'}
2021-02-06 12:12:22,879 - INFO - {'key1': '1.19', 'key2': '1', 'key3': 'localhost:9090'}
2021-02-06 12:12:27,880 - INFO - {'key1': '1.19', 'key2': '1', 'key3': 'localhost:9090'}
2021-02-06 12:12:32,881 - INFO - {'key1': '1.19', 'key2': '1', 'key3': 'localhost:9090'}
2021-02-06 12:12:37,883 - INFO - {'key1': '1.19', 'key2': '1', 'key3': 'localhost:9090'}
2021-02-06 12:12:42,887 - INFO - {'key1': '1.19', 'key2': '1', 'key3': 'localhost:9090'}
2021-02-06 12:12:47,890 - INFO - {'key1': '1.19', 'key2': '1', 'key3': 'localhost:9090'}
2021-02-06 12:12:52,895 - INFO - {'key1': '1.19', 'key2': '1', 'key3': 'localhost:9090'}
2021-02-06 12:12:57,900 - INFO - {'key1': '1.19', 'key2': '1', 'key3': 'localhost:9090'}
2021-02-06 12:13:02,905 - INFO - {'key1': '1.19', 'key2': '1', 'key3': 'localhost:9090'}
2021-02-06 12:13:07,910 - INFO - {'key1': '1.19', 'key2': '1', 'key3': 'localhost:9090'}
2021-02-06 12:13:12,915 - INFO - {'key1': '1.19', 'key2': '1', 'key3': 'localhost:9090'}
2021-02-06 12:13:17,920 - INFO - {'key1': '1.19', 'key2': '1', 'key3': 'localhost:9090'}
2021-02-06 12:13:22,926 - INFO - {'key1': '1.19', 'key2': '1', 'key3': 'localhost:9090'}
2021-02-06 12:13:27,929 - INFO - {'key1': '1.19', 'key2': '1', 'key3': 'localhost:9090'}
2021-02-06 12:13:32,934 - INFO - {'key1': '1.19', 'key2': '1', 'key3': 'localhost:9090'}
2021-02-06 12:13:37,940 - INFO - {'key1': '1.19', 'key2': '1', 'key3': 'localhost:9090'}
2021-02-06 12:13:42,940 - INFO - {'key1': '1.19', 'key2': '1', 'key3': 'localhost:9090'}
2021-02-06 12:13:47,946 - INFO - {'key1': '1.19', 'key2': '1', 'key3': 'localhost:9090'}
2021-02-06 12:13:52,949 - INFO - {'key1': '1.19', 'key2': '1', 'key3': 'localhost:9090'}
2021-02-06 12:13:57,955 - INFO - {'key1': '1.19', 'key2': '1', 'key3': 'localhost:9090'}
2021-02-06 12:14:02,960 - INFO - {'key1': '1.19', 'key2': '1', 'key3': 'localhost:9090'}
2021-02-06 12:14:59,181 - INFO - {'key3': 'localhost:9090', 'key2': '1', 'key1': '1.19'}
2021-02-06 12:15:04,184 - INFO - {'key3': 'localhost:9090', 'key2': '1', 'key1': '1.19'}
2021-02-06 12:15:09,189 - INFO - {'key3': 'localhost:9090', 'key2': '1', 'key1': '1.19'}
2021-02-06 12:15:14,192 - INFO - {'key3': 'localhost:9090', 'key2': '1', 'key1': '1.19'}
2021-02-06 12:15:19,198 - INFO - {'key3': 'localhost:9090', 'key2': '1', 'key1': '1.19'}
2021-02-06 12:15:24,200 - INFO - {'key3': 'localhost:9090', 'key2': '1', 'key1': '1.19'}
2021-02-06 12:15:29,205 - INFO - {'key3': 'localhost:9090', 'key2': '1', 'key1': '1.19'}
2021-02-06 12:15:34,210 - INFO - {'key3': 'localhost:9090', 'key2': '1', 'key1': '1.19'}
2021-02-06 12:16:31,829 - INFO - {'key1': '1.19', 'key3': 'localhost:9090', 'key2': '1'}
2021-02-06 12:16:36,831 - INFO - {'key1': '1.19', 'key3': 'localhost:9090', 'key2': '1'}
2021-02-06 12:16:41,835 - INFO - {'key1': '1.19', 'key3': 'localhost:9090', 'key2': '1'}
2021-02-06 12:16:46,839 - INFO - {'key1': '1.19', 'key3': 'localhost:9090', 'key2': '1'}
2021-02-06 12:16:51,843 - INFO - {'key1': '1.19', 'key3': 'localhost:9090', 'key2': '1'}
2021-02-06 12:16:56,848 - INFO - {'key1': '1.19', 'key3': 'localhost:9090', 'key2': '1'}
2021-02-06 12:17:01,853 - INFO - {'key1': '1.19', 'key3': 'localhost:9090', 'key2': '1'}
2021-02-06 12:17:06,858 - INFO - {'key1': '1.19', 'key3': 'localhost:9090', 'key2': '1'}
2021-02-06 12:17:11,860 - INFO - {'key1': '1.19', 'key3': 'localhost:9090', 'key2': '1'}
2021-02-06 12:17:16,864 - INFO - {'key1': '1.19', 'key3': 'localhost:9090', 'key2': '1'}
2021-02-06 12:17:21,869 - INFO - {'key1': '1.19', 'key3': 'localhost:9090', 'key2': '1'}
2021-02-06 12:17:26,874 - INFO - {'key1': '1.19', 'key3': 'localhost:9090', 'key2': '1'}
2021-02-06 12:17:31,880 - INFO - {'key1': '1.19', 'key3': 'localhost:9090', 'key2': '1'}
2021-02-06 12:17:36,882 - INFO - {'key1': '1.19', 'key3': 'localhost:9090', 'key2': '1'}
2021-02-06 12:17:41,885 - INFO - {'key1': '1.19', 'key3': 'localhost:9090', 'key2': '1'}
2021-02-06 12:17:46,890 - INFO - {'key1': '1.19', 'key3': 'localhost:9090', 'key2': '1'}
2021-02-06 12:17:51,894 - INFO - {'key1': '1.19', 'key3': 'localhost:9090', 'key2': '1'}
2021-02-06 12:17:56,899 - INFO - {'key1': '1.19', 'key3': 'localhost:9090', 'key2': '1'}
2021-02-06 12:18:01,905 - INFO - {'key1': '1.19', 'key3': 'localhost:9090', 'key2': '1'}
2021-02-06 12:18:06,910 - INFO - {'key1': '1.19', 'key3': 'localhost:9090', 'key2': '1'}
2021-02-06 12:18:11,915 - INFO - {'key1': '1.19', 'key3': 'localhost:9090', 'key2': '1'}
2021-02-06 12:18:16,917 - INFO - {'key1': '1.19', 'key3': 'localhost:9090', 'key2': '1'}
2021-02-06 12:18:21,920 - INFO - {'key1': '1.19', 'key3': 'localhost:9090', 'key2': '1'}
2021-02-06 12:18:26,925 - INFO - {'key1': '1.19', 'key3': 'localhost:9090', 'key2': '1'}
2021-02-06 12:18:31,930 - INFO - {'key1': '1.19', 'key3': 'localhost:9090', 'key2': '1'}
2021-02-06 12:18:36,936 - INFO - {'key1': '1.19', 'key3': 'localhost:9090', 'key2': '1'}
2021-02-06 12:18:41,941 - INFO - {'key1': '1.19', 'key3': 'localhost:9090', 'key2': '1'}
2021-02-06 12:18:46,945 - INFO - {'key1': '1.19', 'key3': 'localhost:9090', 'key2': '1'}
2021-02-06 12:18:51,950 - INFO - {'key1': '1.19', 'key3': 'localhost:9090', 'key2': '1'}
2021-02-06 12:18:56,950 - INFO - {'key1': '1.19', 'key3': 'localhost:9090', 'key2': '1'}
2021-02-06 12:19:01,955 - INFO - {'key1': '1.19', 'key3': 'localhost:9090', 'key2': '1'}
2021-02-06 12:19:06,960 - INFO - {'key1': '1.19', 'key3': 'localhost:9090', 'key2': '1'}
2021-02-06 12:19:11,964 - INFO - {'key1': '1.19', 'key3': 'localhost:9090', 'key2': '1'}
2021-02-06 12:19:16,969 - INFO - {'key1': '1.19', 'key3': 'localhost:9090', 'key2': '1'}
2021-02-06 12:19:21,975 - INFO - {'key1': '1.19', 'key3': 'localhost:9090', 'key2': '1'}
2021-02-06 12:19:26,979 - INFO - {'key1': '1.19', 'key3': 'localhost:9090', 'key2': '1'}
2021-02-06 12:19:31,980 - INFO - {'key1': '1.19', 'key3': 'localhost:9090', 'key2': '1'}
2021-02-06 12:19:36,984 - INFO - {'key1': '1.19', 'key3': 'localhost:9090', 'key2': '1'}
2021-02-06 12:19:41,989 - INFO - {'key1': '1.19', 'key3': 'localhost:9090', 'key2': '1'}
2021-02-06 12:19:46,995 - INFO - {'key1': '1.19', 'key3': 'localhost:9090', 'key2': '1'}
2021-02-06 12:19:52,000 - INFO - {'key1': '1.19', 'key3': 'localhost:9090', 'key2': '1'}
2021-02-06 12:19:57,006 - INFO - {'key1': '1.19', 'key3': 'localhost:9090', 'key2': '1'}
2021-02-06 12:20:02,011 - INFO - {'key1': '1.19', 'key3': 'localhost:9090', 'key2': '1'}
2021-02-06 12:20:07,015 - INFO - {'key1': '1.19', 'key3': 'localhost:9090', 'key2': '1'}
2021-02-06 12:20:12,015 - INFO - {'key1': '1.19', 'key3': 'localhost:9090', 'key2': '1'}
2021-02-06 12:20:17,020 - INFO - {'key1': '1.19', 'key3': 'localhost:9090', 'key2': '1'}
2021-02-06 12:20:22,021 - INFO - {'key1': '1.19', 'key3': 'localhost:9090', 'key2': '1'}
2021-02-06 12:20:27,025 - INFO - {'key1': '1.19', 'key3': 'localhost:9090', 'key2': '1'}
2021-02-06 12:20:32,030 - INFO - {'key1': '1.19', 'key3': 'localhost:9090', 'key2': '1'}
2021-02-06 12:20:37,032 - INFO - {'key1': '1.19', 'key3': 'localhost:9090', 'key2': '1'}
2021-02-06 12:24:29,156 - INFO - {'key2': '1', 'key1': '1.19', 'key3': 'localhost:9090'}
2021-02-06 12:24:34,160 - INFO - {'key2': '1', 'key1': '1.19', 'key3': 'localhost:9090'}
2021-02-06 12:24:39,164 - INFO - {'key2': '1', 'key1': '1.19', 'key3': 'localhost:9090'}
2021-02-06 12:24:44,165 - INFO - {'key2': '1', 'key1': '1.19', 'key3': 'localhost:9090'}
2021-02-06 12:24:49,170 - INFO - {'key2': '1', 'key1': '1.19', 'key3': 'localhost:9090'}
2021-02-06 12:24:54,176 - INFO - {'key2': '1', 'key1': '1.19', 'key3': 'localhost:9090'}
2021-02-06 12:24:59,177 - INFO - {'key2': '1', 'key1': '1.19', 'key3': 'localhost:9090'}
2021-02-06 12:25:04,183 - INFO - {'key2': '1', 'key1': '1.19', 'key3': 'localhost:9090'}
2021-02-06 12:25:09,188 - INFO - {'key2': '1', 'key1': '1.19', 'key3': 'localhost:9090'}
2021-02-06 12:25:14,190 - INFO - {'key2': '1', 'key1': '1.19', 'key3': 'localhost:9090'}
2021-02-06 12:25:19,195 - INFO - {'key2': '1', 'key1': '1.19', 'key3': 'localhost:9090'}
2021-02-06 12:25:24,200 - INFO - {'key2': '1', 'key1': '1.19', 'key3': 'localhost:9090'}
2021-02-06 12:25:29,205 - INFO - {'key2': '1', 'key1': '1.19', 'key3': 'localhost:9090'}
2021-02-06 12:25:48,997 - INFO - {'key1': '1.19', 'key2': '1', 'key3': 'localhost:9090'}
2021-02-06 12:25:54,000 - INFO - {'key1': '1.19', 'key2': '1', 'key3': 'localhost:9090'}
2021-02-06 12:25:59,005 - INFO - {'key1': '1.19', 'key2': '1', 'key3': 'localhost:9090'}
2021-02-06 12:26:04,010 - INFO - {'key1': '1.19', 'key2': '1', 'key3': 'localhost:9090'}
2021-02-06 12:26:09,015 - INFO - {'key1': '1.19', 'key2': '1', 'key3': 'localhost:9090'}
2021-02-06 12:26:14,016 - INFO - {'key1': '1.19', 'key2': '1', 'key3': 'localhost:9090'}
2021-02-06 12:26:19,020 - INFO - {'key1': '1.19', 'key2': '1', 'key3': 'localhost:9090'}
2021-02-06 14:51:57,594 - INFO - {'key3': 'localhost:9090', 'key2': '1', 'key1': '1.19'}
2021-02-06 14:52:02,647 - INFO - {'key3': 'localhost:9090', 'key2': '1', 'key1': '1.19'}
2021-02-06 14:52:07,652 - INFO - {'key3': 'localhost:9090', 'key2': '1', 'key1': '1.19'}
2021-02-06 14:52:12,657 - INFO - {'key3': 'localhost:9090', 'key2': '1', 'key1': '1.19'}
2021-02-06 14:52:17,662 - INFO - {'key3': 'localhost:9090', 'key2': '1', 'key1': '1.19'}
2021-02-06 14:52:22,667 - INFO - {'key3': 'localhost:9090', 'key2': '1', 'key1': '1.19'}
2021-02-06 14:52:27,671 - INFO - {'key3': 'localhost:9090', 'key2': '1', 'key1': '1.19'}
